17:13:04.286 [main] INFO  factory.BaseClass - **************Enter the Organization name**************
17:13:04.837 [main] INFO  factory.BaseClass - Taking screenshot
17:13:04.838 [main] INFO  factory.BaseClass - **************selects the organization size**************
17:13:05.251 [main] INFO  factory.BaseClass - Taking screenshot
17:13:05.251 [main] INFO  factory.BaseClass - **************select the Interested in option**************
17:13:05.677 [main] INFO  factory.BaseClass - Taking screenshot
17:13:05.677 [main] INFO  factory.BaseClass - **************user enter the contact number**************
17:13:06.273 [main] INFO  factory.BaseClass - Taking screenshot
17:13:06.273 [main] INFO  factory.BaseClass - **************user enter the email id **************
17:13:06.754 [main] INFO  factory.BaseClass - Taking screenshot
17:13:06.755 [main] INFO  factory.BaseClass - **************Login button should be Disabeld**************
17:13:07.059 [main] INFO  factory.BaseClass - Taking screenshot
17:13:14.948 [main] INFO  factory.BaseClass - Website is opened
17:13:14.950 [main] INFO  factory.BaseClass - **************Click on Corporate Wellness Form**************
17:13:47.788 [main] INFO  factory.BaseClass - Taking screenshot
17:13:47.789 [main] INFO  factory.BaseClass - **************Enter the name**************
17:13:48.163 [main] INFO  factory.BaseClass - Taking screenshot
17:13:48.163 [main] INFO  factory.BaseClass - **************Enter the Organization name**************
17:13:48.448 [main] INFO  factory.BaseClass - Taking screenshot
17:13:48.448 [main] INFO  factory.BaseClass - **************selects the organization size**************
17:13:48.972 [main] INFO  factory.BaseClass - Taking screenshot
17:13:48.973 [main] INFO  factory.BaseClass - **************select the Interested in option**************
17:13:49.508 [main] INFO  factory.BaseClass - Taking screenshot
17:13:49.509 [main] INFO  factory.BaseClass - **************user enter the contact number**************
17:13:49.963 [main] INFO  factory.BaseClass - Taking screenshot
17:13:49.964 [main] INFO  factory.BaseClass - **************user enter the email id **************
17:13:50.406 [main] INFO  factory.BaseClass - Taking screenshot
17:13:50.407 [main] INFO  factory.BaseClass - **************Login button should be Disabeld**************
17:13:50.743 [main] INFO  factory.BaseClass - Taking screenshot
17:15:18.426 [main] INFO  factory.BaseClass - Website is opened
17:15:18.427 [main] INFO  factory.BaseClass - **************Click on Corporate Wellness Form**************
17:15:51.326 [main] INFO  factory.BaseClass - Taking screenshot
17:15:51.327 [main] INFO  factory.BaseClass - **************Enter the name**************
17:15:51.689 [main] INFO  factory.BaseClass - Taking screenshot
17:15:51.690 [main] INFO  factory.BaseClass - **************Enter the Organization name**************
17:15:52.027 [main] INFO  factory.BaseClass - Taking screenshot
17:15:52.027 [main] INFO  factory.BaseClass - **************selects the organization size**************
17:15:52.439 [main] INFO  factory.BaseClass - Taking screenshot
17:15:52.440 [main] INFO  factory.BaseClass - **************select the Interested in option**************
17:15:52.871 [main] INFO  factory.BaseClass - Taking screenshot
17:15:52.871 [main] INFO  factory.BaseClass - **************user enter the contact number**************
17:15:53.219 [main] INFO  factory.BaseClass - Taking screenshot
17:15:53.220 [main] INFO  factory.BaseClass - **************user enter the email id **************
17:15:53.601 [main] INFO  factory.BaseClass - Taking screenshot
17:15:53.602 [main] INFO  factory.BaseClass - **************Login button should be enabeld**************
17:16:44.008 [main] INFO  factory.BaseClass - Taking screenshot
10:58:45.934 [main] INFO  factory.BaseClass - Website is opened
10:58:45.977 [main] INFO  factory.BaseClass - ***************Locate the Practo Logo Element*************
10:58:46.249 [main] INFO  factory.BaseClass - Taking screenshot
10:58:46.251 [main] INFO  factory.BaseClass - ***************Validate the Practo Logo is present*************
10:58:46.251 [main] INFO  factory.BaseClass - ***************Locate the Practo Logo Element*************
10:58:47.777 [main] INFO  factory.BaseClass - Taking screenshot
10:58:47.779 [main] INFO  factory.BaseClass - ***************Locate the Login button Element*************
10:58:48.044 [main] INFO  factory.BaseClass - Taking screenshot
10:58:48.047 [main] INFO  factory.BaseClass - ***************Validate the Login button is present*************
10:58:48.047 [main] INFO  factory.BaseClass - ***************Locate the Login button Element*************
10:58:48.578 [main] INFO  factory.BaseClass - Taking screenshot
10:58:48.586 [main] INFO  factory.BaseClass - ***************Locate the Download Element*************
10:58:48.844 [main] INFO  factory.BaseClass - Taking screenshot
10:58:48.844 [main] INFO  factory.BaseClass - **************Validate the download is present**************
10:58:48.844 [main] INFO  factory.BaseClass - ***************Locate the Download Element*************
10:58:49.207 [main] INFO  factory.BaseClass - Taking screenshot
10:58:54.627 [main] INFO  factory.BaseClass - Website is opened
10:58:54.648 [main] INFO  factory.BaseClass - ***************Navigate to Find Doctors page*************
10:58:59.147 [main] INFO  factory.BaseClass - Taking screenshot
10:58:59.149 [main] INFO  factory.BaseClass - ***************Send the value to searchbox*************
10:59:04.006 [main] INFO  factory.BaseClass - Taking screenshot
10:59:04.007 [main] INFO  factory.BaseClass - ***************Validate the Doctors Name*************
10:59:08.611 [main] INFO  factory.BaseClass - Taking screenshot
10:59:08.612 [main] INFO  factory.BaseClass - ***************Valiadate the Book Free option*************
10:59:08.948 [main] INFO  factory.BaseClass - Taking screenshot
10:59:13.561 [main] INFO  factory.BaseClass - Website is opened
10:59:13.576 [main] INFO  factory.BaseClass - ***************Navigate to video Consult page*************
10:59:14.409 [main] INFO  factory.BaseClass - Taking screenshot
10:59:14.409 [main] INFO  factory.BaseClass - ***************Locate the video consult element*************
10:59:14.633 [main] INFO  factory.BaseClass - Taking screenshot
10:59:14.634 [main] INFO  factory.BaseClass - ***************Validate Consult Now button is present*************
10:59:14.634 [main] INFO  factory.BaseClass - ***************Locate the video consult element*************
10:59:14.903 [main] INFO  factory.BaseClass - Taking screenshot
10:59:14.904 [main] INFO  factory.BaseClass - ***************Get all specialities datas*************
10:59:15.796 [main] INFO  factory.BaseClass - Taking screenshot
10:59:15.797 [main] INFO  factory.BaseClass - ***************Validate specialities availability*************
10:59:16.052 [main] INFO  factory.BaseClass - Taking screenshot
10:59:16.052 [main] INFO  factory.BaseClass - ***************Get all Common Health Concern datas and price*************
10:59:16.466 [main] INFO  factory.BaseClass - Taking screenshot
10:59:16.466 [main] INFO  factory.BaseClass - ***************Validate CommonHealthConcern availability*************
10:59:16.760 [main] INFO  factory.BaseClass - Taking screenshot
10:59:16.760 [main] INFO  factory.BaseClass - ***************Get all Offer details*************
10:59:17.002 [main] INFO  factory.BaseClass - Taking screenshot
10:59:17.003 [main] INFO  factory.BaseClass - ***************Validate Consult Offers availability*************
10:59:17.257 [main] INFO  factory.BaseClass - Taking screenshot
10:59:21.612 [main] INFO  factory.BaseClass - Website is opened
10:59:21.626 [main] INFO  factory.BaseClass - ***************Navigate to Surgeries Page*************
10:59:22.508 [main] INFO  factory.BaseClass - Taking screenshot
10:59:22.509 [main] INFO  factory.BaseClass - ***************Get PractoCare Phone number*************
10:59:22.809 [main] INFO  factory.BaseClass - Taking screenshot
10:59:22.809 [main] INFO  factory.BaseClass - ***************Validate the Phone number*************
10:59:22.810 [main] INFO  factory.BaseClass - ***************Get PractoCare Phone number*************
10:59:23.146 [main] INFO  factory.BaseClass - Taking screenshot
10:59:23.147 [main] INFO  factory.BaseClass - ***************Get Popular Surgeries data*************
10:59:24.762 [main] INFO  factory.BaseClass - Taking screenshot
10:59:24.762 [main] INFO  factory.BaseClass - **************Validate the Popular Surgeries**************
10:59:24.977 [main] INFO  factory.BaseClass - Taking screenshot
10:59:24.978 [main] INFO  factory.BaseClass - **************Get Our Departments data**************
10:59:25.246 [main] INFO  factory.BaseClass - Taking screenshot
10:59:25.248 [main] INFO  factory.BaseClass - **************Valiadate the Our Departments**************
10:59:25.452 [main] INFO  factory.BaseClass - Taking screenshot
10:59:25.453 [main] INFO  factory.BaseClass - **************Get the PractoCare Benifits Data**************
10:59:25.729 [main] INFO  factory.BaseClass - Taking screenshot
10:59:25.731 [main] INFO  factory.BaseClass - **************Validate PractoCare Data availability**************
10:59:25.959 [main] INFO  factory.BaseClass - Taking screenshot
10:59:30.256 [main] INFO  factory.BaseClass - Website is opened
10:59:30.273 [main] INFO  factory.BaseClass - **************Select Bangalore city and Search Hospitals**************
10:59:40.222 [main] INFO  factory.BaseClass - Taking screenshot
10:59:40.222 [main] INFO  factory.BaseClass - **************Validate Bangalore city hospitals are displayed**************
10:59:40.519 [main] INFO  factory.BaseClass - Taking screenshot
10:59:40.520 [main] INFO  factory.BaseClass - **************Locate all day opened hospitals element**************
10:59:46.873 [main] INFO  factory.BaseClass - Taking screenshot
10:59:46.873 [main] INFO  factory.BaseClass - **************Validate all day hospitals opened**************
10:59:47.086 [main] INFO  factory.BaseClass - Taking screenshot
10:59:47.087 [main] INFO  factory.BaseClass - **************Get the rating of more than three hospitals**************
10:59:51.686 [main] INFO  factory.BaseClass - Taking screenshot
10:59:51.687 [main] INFO  factory.BaseClass - **************Validate the hospitals more then three of rating**************
10:59:51.917 [main] INFO  factory.BaseClass - Taking screenshot
10:59:51.918 [main] INFO  factory.BaseClass - **************Get the top city hospitals**************
10:59:52.365 [main] INFO  factory.BaseClass - Taking screenshot
10:59:52.366 [main] INFO  factory.BaseClass - **************Validate top city hospitals**************
10:59:52.638 [main] INFO  factory.BaseClass - Taking screenshot
11:00:03.015 [main] INFO  factory.BaseClass - Website is opened
11:00:03.018 [main] INFO  factory.BaseClass - **************Click on Corporate Wellness Form**************
11:00:05.440 [main] INFO  factory.BaseClass - Taking screenshot
11:00:05.440 [main] INFO  factory.BaseClass - **************Enter the name**************
11:00:05.776 [main] INFO  factory.BaseClass - Taking screenshot
11:00:05.776 [main] INFO  factory.BaseClass - **************Enter the Organization name**************
11:00:06.120 [main] INFO  factory.BaseClass - Taking screenshot
11:00:06.121 [main] INFO  factory.BaseClass - **************selects the organization size**************
11:00:06.593 [main] INFO  factory.BaseClass - Taking screenshot
11:00:06.593 [main] INFO  factory.BaseClass - **************select the Interested in option**************
11:00:07.049 [main] INFO  factory.BaseClass - Taking screenshot
11:00:07.051 [main] INFO  factory.BaseClass - **************user enter the contact number**************
11:00:07.472 [main] INFO  factory.BaseClass - Taking screenshot
11:00:07.473 [main] INFO  factory.BaseClass - **************user enter the email id **************
11:00:07.936 [main] INFO  factory.BaseClass - Taking screenshot
11:00:07.938 [main] INFO  factory.BaseClass - **************Login button should be Disabeld**************
11:00:08.311 [main] INFO  factory.BaseClass - Taking screenshot
11:00:18.657 [main] INFO  factory.BaseClass - Website is opened
11:00:18.659 [main] INFO  factory.BaseClass - **************Click on Corporate Wellness Form**************
11:00:22.307 [main] INFO  factory.BaseClass - Taking screenshot
11:00:22.308 [main] INFO  factory.BaseClass - **************Enter the name**************
11:00:22.863 [main] INFO  factory.BaseClass - Taking screenshot
11:00:22.864 [main] INFO  factory.BaseClass - **************Enter the Organization name**************
11:00:23.302 [main] INFO  factory.BaseClass - Taking screenshot
11:00:23.303 [main] INFO  factory.BaseClass - **************selects the organization size**************
11:00:23.738 [main] INFO  factory.BaseClass - Taking screenshot
11:00:23.739 [main] INFO  factory.BaseClass - **************select the Interested in option**************
11:00:24.185 [main] INFO  factory.BaseClass - Taking screenshot
11:00:24.186 [main] INFO  factory.BaseClass - **************user enter the contact number**************
11:00:24.597 [main] INFO  factory.BaseClass - Taking screenshot
11:00:24.598 [main] INFO  factory.BaseClass - **************user enter the email id **************
11:00:24.904 [main] INFO  factory.BaseClass - Taking screenshot
11:00:24.905 [main] INFO  factory.BaseClass - **************Login button should be Disabeld**************
11:00:25.147 [main] INFO  factory.BaseClass - Taking screenshot
11:00:32.460 [main] INFO  factory.BaseClass - Website is opened
11:00:32.461 [main] INFO  factory.BaseClass - **************Click on Corporate Wellness Form**************
11:00:34.337 [main] INFO  factory.BaseClass - Taking screenshot
11:00:34.338 [main] INFO  factory.BaseClass - **************Enter the name**************
11:00:34.624 [main] INFO  factory.BaseClass - Taking screenshot
11:00:34.625 [main] INFO  factory.BaseClass - **************Enter the Organization name**************
11:00:34.882 [main] INFO  factory.BaseClass - Taking screenshot
11:00:34.882 [main] INFO  factory.BaseClass - **************selects the organization size**************
11:00:35.191 [main] INFO  factory.BaseClass - Taking screenshot
11:00:35.192 [main] INFO  factory.BaseClass - **************select the Interested in option**************
11:00:35.467 [main] INFO  factory.BaseClass - Taking screenshot
11:00:35.467 [main] INFO  factory.BaseClass - **************user enter the contact number**************
11:00:35.735 [main] INFO  factory.BaseClass - Taking screenshot
11:00:35.736 [main] INFO  factory.BaseClass - **************user enter the email id **************
11:00:35.992 [main] INFO  factory.BaseClass - Taking screenshot
11:00:35.993 [main] INFO  factory.BaseClass - **************Login button should be Disabeld**************
11:00:36.223 [main] INFO  factory.BaseClass - Taking screenshot
11:00:43.800 [main] INFO  factory.BaseClass - Website is opened
11:00:43.801 [main] INFO  factory.BaseClass - **************Click on Corporate Wellness Form**************
11:00:45.777 [main] INFO  factory.BaseClass - Taking screenshot
11:00:45.778 [main] INFO  factory.BaseClass - **************Enter the name**************
11:00:46.086 [main] INFO  factory.BaseClass - Taking screenshot
11:00:46.087 [main] INFO  factory.BaseClass - **************Enter the Organization name**************
11:00:46.339 [main] INFO  factory.BaseClass - Taking screenshot
11:00:46.339 [main] INFO  factory.BaseClass - **************selects the organization size**************
11:00:46.596 [main] INFO  factory.BaseClass - Taking screenshot
11:00:46.597 [main] INFO  factory.BaseClass - **************select the Interested in option**************
11:00:46.870 [main] INFO  factory.BaseClass - Taking screenshot
11:00:46.871 [main] INFO  factory.BaseClass - **************user enter the contact number**************
11:00:47.140 [main] INFO  factory.BaseClass - Taking screenshot
11:00:47.140 [main] INFO  factory.BaseClass - **************user enter the email id **************
11:00:47.410 [main] INFO  factory.BaseClass - Taking screenshot
11:00:47.411 [main] INFO  factory.BaseClass - **************Login button should be enabeld**************
11:01:37.778 [main] INFO  factory.BaseClass - Taking screenshot
11:00:20.978 [main] INFO  factory.BaseClass - Website is opened
11:00:21.095 [main] INFO  factory.BaseClass - ***************Locate the Practo Logo Element*************
11:00:21.406 [main] INFO  factory.BaseClass - Taking screenshot
11:00:21.409 [main] INFO  factory.BaseClass - ***************Validate the Practo Logo is present*************
11:00:21.409 [main] INFO  factory.BaseClass - ***************Locate the Practo Logo Element*************
11:00:23.230 [main] INFO  factory.BaseClass - Taking screenshot
11:00:23.232 [main] INFO  factory.BaseClass - ***************Locate the Login button Element*************
11:00:23.602 [main] INFO  factory.BaseClass - Taking screenshot
11:00:23.604 [main] INFO  factory.BaseClass - ***************Validate the Login button is present*************
11:00:23.605 [main] INFO  factory.BaseClass - ***************Locate the Login button Element*************
11:00:24.116 [main] INFO  factory.BaseClass - Taking screenshot
11:00:24.117 [main] INFO  factory.BaseClass - ***************Locate the Download Element*************
11:00:24.437 [main] INFO  factory.BaseClass - Taking screenshot
11:00:24.438 [main] INFO  factory.BaseClass - **************Validate the download is present**************
11:00:24.438 [main] INFO  factory.BaseClass - ***************Locate the Download Element*************
11:00:25.003 [main] INFO  factory.BaseClass - Taking screenshot
11:00:39.770 [main] INFO  factory.BaseClass - Website is opened
11:00:39.818 [main] INFO  factory.BaseClass - ***************Navigate to Find Doctors page*************
11:00:42.448 [main] INFO  factory.BaseClass - Taking screenshot
11:00:42.449 [main] INFO  factory.BaseClass - ***************Send the value to searchbox*************
11:00:48.766 [main] INFO  factory.BaseClass - Taking screenshot
11:00:48.767 [main] INFO  factory.BaseClass - ***************Validate the Doctors Name*************
11:00:58.265 [main] INFO  factory.BaseClass - Taking screenshot
11:00:58.267 [main] INFO  factory.BaseClass - ***************Valiadate the Book Free option*************
11:00:58.860 [main] INFO  factory.BaseClass - Taking screenshot
11:01:39.328 [main] INFO  factory.BaseClass - Website is opened
11:01:39.356 [main] INFO  factory.BaseClass - ***************Navigate to video Consult page*************
11:01:41.143 [main] INFO  factory.BaseClass - Taking screenshot
11:01:41.144 [main] INFO  factory.BaseClass - ***************Locate the video consult element*************
11:01:41.445 [main] INFO  factory.BaseClass - Taking screenshot
11:01:41.446 [main] INFO  factory.BaseClass - ***************Validate Consult Now button is present*************
11:01:41.446 [main] INFO  factory.BaseClass - ***************Locate the video consult element*************
11:01:41.852 [main] INFO  factory.BaseClass - Taking screenshot
11:01:41.852 [main] INFO  factory.BaseClass - ***************Get all specialities datas*************
11:01:43.217 [main] INFO  factory.BaseClass - Taking screenshot
11:01:43.217 [main] INFO  factory.BaseClass - ***************Validate specialities availability*************
11:01:43.588 [main] INFO  factory.BaseClass - Taking screenshot
11:01:43.589 [main] INFO  factory.BaseClass - ***************Get all Common Health Concern datas and price*************
11:01:44.253 [main] INFO  factory.BaseClass - Taking screenshot
11:01:44.254 [main] INFO  factory.BaseClass - ***************Validate CommonHealthConcern availability*************
11:01:44.638 [main] INFO  factory.BaseClass - Taking screenshot
11:01:44.639 [main] INFO  factory.BaseClass - ***************Get all Offer details*************
11:01:44.970 [main] INFO  factory.BaseClass - Taking screenshot
11:01:44.971 [main] INFO  factory.BaseClass - ***************Validate Consult Offers availability*************
11:01:45.308 [main] INFO  factory.BaseClass - Taking screenshot
11:02:23.775 [main] INFO  factory.BaseClass - Website is opened
11:02:23.809 [main] INFO  factory.BaseClass - ***************Navigate to Surgeries Page*************
11:02:26.921 [main] INFO  factory.BaseClass - Taking screenshot
11:02:26.922 [main] INFO  factory.BaseClass - ***************Get PractoCare Phone number*************
11:02:27.652 [main] INFO  factory.BaseClass - Taking screenshot
11:02:27.653 [main] INFO  factory.BaseClass - ***************Validate the Phone number*************
11:02:27.653 [main] INFO  factory.BaseClass - ***************Get PractoCare Phone number*************
11:02:28.261 [main] INFO  factory.BaseClass - Taking screenshot
11:02:28.262 [main] INFO  factory.BaseClass - ***************Get Popular Surgeries data*************
11:02:31.989 [main] INFO  factory.BaseClass - Taking screenshot
11:02:31.993 [main] INFO  factory.BaseClass - **************Validate the Popular Surgeries**************
11:02:32.417 [main] INFO  factory.BaseClass - Taking screenshot
11:02:32.419 [main] INFO  factory.BaseClass - **************Get Our Departments data**************
11:02:32.821 [main] INFO  factory.BaseClass - Taking screenshot
11:02:32.822 [main] INFO  factory.BaseClass - **************Valiadate the Our Departments**************
11:02:33.200 [main] INFO  factory.BaseClass - Taking screenshot
11:02:33.201 [main] INFO  factory.BaseClass - **************Get the PractoCare Benifits Data**************
11:02:33.567 [main] INFO  factory.BaseClass - Taking screenshot
11:02:33.570 [main] INFO  factory.BaseClass - **************Validate PractoCare Data availability**************
11:02:33.947 [main] INFO  factory.BaseClass - Taking screenshot
11:03:13.016 [main] INFO  factory.BaseClass - Website is opened
11:03:13.042 [main] INFO  factory.BaseClass - **************Select Bangalore city and Search Hospitals**************
11:03:51.829 [main] INFO  factory.BaseClass - Taking screenshot
11:03:51.830 [main] INFO  factory.BaseClass - **************Validate Bangalore city hospitals are displayed**************
11:03:52.080 [main] INFO  factory.BaseClass - Taking screenshot
11:03:52.081 [main] INFO  factory.BaseClass - **************Locate all day opened hospitals element**************
11:03:58.187 [main] INFO  factory.BaseClass - Taking screenshot
11:03:58.187 [main] INFO  factory.BaseClass - **************Validate all day hospitals opened**************
11:03:58.442 [main] INFO  factory.BaseClass - Taking screenshot
11:03:58.443 [main] INFO  factory.BaseClass - **************Get the rating of more than three hospitals**************
11:04:02.981 [main] INFO  factory.BaseClass - Taking screenshot
11:04:02.982 [main] INFO  factory.BaseClass - **************Validate the hospitals more then three of rating**************
11:04:03.241 [main] INFO  factory.BaseClass - Taking screenshot
11:04:03.243 [main] INFO  factory.BaseClass - **************Get the top city hospitals**************
11:04:03.638 [main] INFO  factory.BaseClass - Taking screenshot
11:04:03.639 [main] INFO  factory.BaseClass - **************Validate top city hospitals**************
11:04:03.914 [main] INFO  factory.BaseClass - Taking screenshot
11:04:43.455 [main] INFO  factory.BaseClass - Website is opened
11:04:43.456 [main] INFO  factory.BaseClass - **************Click on Corporate Wellness Form**************
11:05:17.072 [main] INFO  factory.BaseClass - Taking screenshot
11:05:17.073 [main] INFO  factory.BaseClass - **************Enter the name**************
11:05:17.502 [main] INFO  factory.BaseClass - Taking screenshot
11:05:17.503 [main] INFO  factory.BaseClass - **************Enter the Organization name**************
11:05:17.901 [main] INFO  factory.BaseClass - Taking screenshot
11:05:17.902 [main] INFO  factory.BaseClass - **************selects the organization size**************
11:05:18.394 [main] INFO  factory.BaseClass - Taking screenshot
11:05:18.395 [main] INFO  factory.BaseClass - **************select the Interested in option**************
11:05:18.965 [main] INFO  factory.BaseClass - Taking screenshot
11:05:18.967 [main] INFO  factory.BaseClass - **************user enter the contact number**************
11:05:19.474 [main] INFO  factory.BaseClass - Taking screenshot
11:05:19.475 [main] INFO  factory.BaseClass - **************user enter the email id **************
11:05:20.015 [main] INFO  factory.BaseClass - Taking screenshot
11:05:20.017 [main] INFO  factory.BaseClass - **************Login button should be Disabeld**************
11:05:20.435 [main] INFO  factory.BaseClass - Taking screenshot
11:05:30.253 [main] INFO  factory.BaseClass - Website is opened
11:05:30.255 [main] INFO  factory.BaseClass - **************Click on Corporate Wellness Form**************
11:06:02.868 [main] INFO  factory.BaseClass - Taking screenshot
11:06:02.869 [main] INFO  factory.BaseClass - **************Enter the name**************
11:06:03.187 [main] INFO  factory.BaseClass - Taking screenshot
11:06:03.188 [main] INFO  factory.BaseClass - **************Enter the Organization name**************
11:06:03.523 [main] INFO  factory.BaseClass - Taking screenshot
11:06:03.524 [main] INFO  factory.BaseClass - **************selects the organization size**************
11:06:03.862 [main] INFO  factory.BaseClass - Taking screenshot
11:06:03.862 [main] INFO  factory.BaseClass - **************select the Interested in option**************
11:06:04.286 [main] INFO  factory.BaseClass - Taking screenshot
11:06:04.287 [main] INFO  factory.BaseClass - **************user enter the contact number**************
11:06:04.615 [main] INFO  factory.BaseClass - Taking screenshot
11:06:04.616 [main] INFO  factory.BaseClass - **************user enter the email id **************
11:06:05.009 [main] INFO  factory.BaseClass - Taking screenshot
11:06:05.009 [main] INFO  factory.BaseClass - **************Login button should be Disabeld**************
11:06:05.362 [main] INFO  factory.BaseClass - Taking screenshot
11:06:43.852 [main] INFO  factory.BaseClass - Website is opened
11:06:43.853 [main] INFO  factory.BaseClass - **************Click on Corporate Wellness Form**************
11:07:16.354 [main] INFO  factory.BaseClass - Taking screenshot
11:07:16.355 [main] INFO  factory.BaseClass - **************Enter the name**************
11:07:16.865 [main] INFO  factory.BaseClass - Taking screenshot
11:07:16.866 [main] INFO  factory.BaseClass - **************Enter the Organization name**************
11:07:17.279 [main] INFO  factory.BaseClass - Taking screenshot
11:07:17.280 [main] INFO  factory.BaseClass - **************selects the organization size**************
11:07:17.878 [main] INFO  factory.BaseClass - Taking screenshot
11:07:17.879 [main] INFO  factory.BaseClass - **************select the Interested in option**************
11:07:18.544 [main] INFO  factory.BaseClass - Taking screenshot
11:07:18.546 [main] INFO  factory.BaseClass - **************user enter the contact number**************
11:07:19.087 [main] INFO  factory.BaseClass - Taking screenshot
11:07:19.088 [main] INFO  factory.BaseClass - **************user enter the email id **************
11:07:19.539 [main] INFO  factory.BaseClass - Taking screenshot
11:07:19.540 [main] INFO  factory.BaseClass - **************Login button should be Disabeld**************
11:07:20.007 [main] INFO  factory.BaseClass - Taking screenshot
11:07:30.982 [main] INFO  factory.BaseClass - Website is opened
11:07:30.984 [main] INFO  factory.BaseClass - **************Click on Corporate Wellness Form**************
11:08:04.720 [main] INFO  factory.BaseClass - Taking screenshot
11:08:04.721 [main] INFO  factory.BaseClass - **************Enter the name**************
11:08:05.238 [main] INFO  factory.BaseClass - Taking screenshot
11:08:05.238 [main] INFO  factory.BaseClass - **************Enter the Organization name**************
11:08:05.742 [main] INFO  factory.BaseClass - Taking screenshot
11:08:05.743 [main] INFO  factory.BaseClass - **************selects the organization size**************
11:08:06.345 [main] INFO  factory.BaseClass - Taking screenshot
11:08:06.346 [main] INFO  factory.BaseClass - **************select the Interested in option**************
11:08:06.872 [main] INFO  factory.BaseClass - Taking screenshot
11:08:06.872 [main] INFO  factory.BaseClass - **************user enter the contact number**************
11:08:07.316 [main] INFO  factory.BaseClass - Taking screenshot
11:08:07.317 [main] INFO  factory.BaseClass - **************user enter the email id **************
11:08:07.850 [main] INFO  factory.BaseClass - Taking screenshot
11:08:07.850 [main] INFO  factory.BaseClass - **************Login button should be enabeld**************
11:08:58.356 [main] INFO  factory.BaseClass - Taking screenshot
13:42:41.229 [main] INFO  factory.BaseClass - Website is opened
13:42:41.312 [main] INFO  factory.BaseClass - ***************Locate the Practo Logo Element*************
13:42:41.524 [main] INFO  factory.BaseClass - Taking screenshot
13:42:41.528 [main] INFO  factory.BaseClass - ***************Validate the Practo Logo is present*************
13:42:41.528 [main] INFO  factory.BaseClass - ***************Locate the Practo Logo Element*************
13:42:43.383 [main] INFO  factory.BaseClass - Taking screenshot
13:42:43.385 [main] INFO  factory.BaseClass - ***************Locate the Login button Element*************
13:42:43.586 [main] INFO  factory.BaseClass - Taking screenshot
13:42:43.589 [main] INFO  factory.BaseClass - ***************Validate the Login button is present*************
13:42:43.589 [main] INFO  factory.BaseClass - ***************Locate the Login button Element*************
13:42:43.961 [main] INFO  factory.BaseClass - Taking screenshot
13:42:43.963 [main] INFO  factory.BaseClass - ***************Locate the Download Element*************
13:42:44.215 [main] INFO  factory.BaseClass - Taking screenshot
13:42:44.217 [main] INFO  factory.BaseClass - **************Validate the download is present**************
13:42:44.217 [main] INFO  factory.BaseClass - ***************Locate the Download Element*************
13:42:44.600 [main] INFO  factory.BaseClass - Taking screenshot
13:42:47.086 [main] INFO  factory.BaseClass - Website is opened
13:42:47.100 [main] INFO  factory.BaseClass - ***************Navigate to Find Doctors page*************
13:42:57.352 [main] INFO  factory.BaseClass - Taking screenshot
13:43:01.017 [main] INFO  factory.BaseClass - Website is opened
13:43:01.023 [main] INFO  factory.BaseClass - ***************Navigate to video Consult page*************
13:43:11.271 [main] INFO  factory.BaseClass - Taking screenshot
13:43:17.523 [main] INFO  factory.BaseClass - Website is opened
13:43:17.528 [main] INFO  factory.BaseClass - ***************Navigate to Surgeries Page*************
13:43:27.685 [main] INFO  factory.BaseClass - Taking screenshot
13:43:30.477 [main] INFO  factory.BaseClass - Website is opened
13:43:30.482 [main] INFO  factory.BaseClass - **************Select Bangalore city and Search Hospitals**************
13:43:41.179 [main] INFO  factory.BaseClass - Taking screenshot
13:43:41.181 [main] INFO  factory.BaseClass - **************Validate Bangalore city hospitals are displayed**************
13:43:41.624 [main] INFO  factory.BaseClass - Taking screenshot
13:43:41.631 [main] INFO  factory.BaseClass - **************Locate all day opened hospitals element**************
13:43:48.194 [main] INFO  factory.BaseClass - Taking screenshot
13:43:48.195 [main] INFO  factory.BaseClass - **************Validate all day hospitals opened**************
13:43:48.365 [main] INFO  factory.BaseClass - Taking screenshot
13:43:48.366 [main] INFO  factory.BaseClass - **************Get the rating of more than three hospitals**************
13:43:53.335 [main] INFO  factory.BaseClass - Taking screenshot
13:43:53.337 [main] INFO  factory.BaseClass - **************Validate the hospitals more then three of rating**************
13:43:53.488 [main] INFO  factory.BaseClass - Taking screenshot
13:43:53.490 [main] INFO  factory.BaseClass - **************Get the top city hospitals**************
13:43:53.889 [main] INFO  factory.BaseClass - Taking screenshot
13:43:53.891 [main] INFO  factory.BaseClass - **************Validate top city hospitals**************
13:43:54.060 [main] INFO  factory.BaseClass - Taking screenshot
13:43:56.848 [main] INFO  factory.BaseClass - Website is opened
13:43:56.850 [main] INFO  factory.BaseClass - **************Click on Corporate Wellness Form**************
13:43:58.648 [main] INFO  factory.BaseClass - Taking screenshot
13:43:58.650 [main] INFO  factory.BaseClass - **************Enter the name**************
13:44:08.973 [main] INFO  factory.BaseClass - Taking screenshot
13:44:13.342 [main] INFO  factory.BaseClass - Website is opened
13:44:13.344 [main] INFO  factory.BaseClass - **************Click on Corporate Wellness Form**************
13:44:16.006 [main] INFO  factory.BaseClass - Taking screenshot
13:44:16.007 [main] INFO  factory.BaseClass - **************Enter the name**************
13:44:26.225 [main] INFO  factory.BaseClass - Taking screenshot
13:44:28.767 [main] INFO  factory.BaseClass - Website is opened
13:44:28.769 [main] INFO  factory.BaseClass - **************Click on Corporate Wellness Form**************
13:44:30.524 [main] INFO  factory.BaseClass - Taking screenshot
13:44:30.525 [main] INFO  factory.BaseClass - **************Enter the name**************
13:44:40.813 [main] INFO  factory.BaseClass - Taking screenshot
13:44:44.521 [main] INFO  factory.BaseClass - Website is opened
13:44:44.523 [main] INFO  factory.BaseClass - **************Click on Corporate Wellness Form**************
13:44:46.842 [main] INFO  factory.BaseClass - Taking screenshot
13:44:46.844 [main] INFO  factory.BaseClass - **************Enter the name**************
13:44:57.163 [main] INFO  factory.BaseClass - Taking screenshot
