21:58:16.717 [main] INFO  factory.BaseClass - Website is opened
21:58:16.748 [main] INFO  factory.BaseClass - **************Select Bangalore city and Search Hospitals**************
21:58:30.824 [main] INFO  factory.BaseClass - Taking screenshot
21:58:30.824 [main] INFO  factory.BaseClass - **************Validate Bangalore city hospitals are displayed**************
21:58:31.099 [main] INFO  factory.BaseClass - Taking screenshot
21:58:31.101 [main] INFO  factory.BaseClass - **************Locate all day opened hospitals element**************
21:58:36.472 [main] INFO  factory.BaseClass - Taking screenshot
21:58:36.473 [main] INFO  factory.BaseClass - **************Validate all day hospitals opened**************
21:58:36.656 [main] INFO  factory.BaseClass - Taking screenshot
21:58:36.657 [main] INFO  factory.BaseClass - **************Get the rating of more than three hospitals**************
21:58:39.353 [main] INFO  factory.BaseClass - Taking screenshot
21:58:39.353 [main] INFO  factory.BaseClass - **************Validate the hospitals more then three of rating**************
21:58:39.519 [main] INFO  factory.BaseClass - Taking screenshot
21:58:39.520 [main] INFO  factory.BaseClass - **************Get the top city hospitals**************
21:58:39.726 [main] INFO  factory.BaseClass - Taking screenshot
21:58:39.727 [main] INFO  factory.BaseClass - **************Validate top city hospitals**************
21:58:39.890 [main] INFO  factory.BaseClass - Taking screenshot
21:59:02.169 [main] INFO  factory.BaseClass - Website is opened
21:59:02.171 [main] INFO  factory.BaseClass - **************Click on Corporate Wellness Form**************
21:59:12.375 [main] INFO  factory.BaseClass - Taking screenshot
21:59:12.375 [main] INFO  factory.BaseClass - **************Enter the name**************
21:59:12.636 [main] INFO  factory.BaseClass - Taking screenshot
21:59:12.637 [main] INFO  factory.BaseClass - **************Enter the Organization name**************
21:59:12.869 [main] INFO  factory.BaseClass - Taking screenshot
21:59:12.870 [main] INFO  factory.BaseClass - **************selects the organization size**************
21:59:13.122 [main] INFO  factory.BaseClass - Taking screenshot
21:59:13.122 [main] INFO  factory.BaseClass - **************select the Interested in option**************
21:59:13.399 [main] INFO  factory.BaseClass - Taking screenshot
21:59:13.400 [main] INFO  factory.BaseClass - **************user enter the contact number**************
21:59:13.675 [main] INFO  factory.BaseClass - Taking screenshot
21:59:13.676 [main] INFO  factory.BaseClass - **************user enter the email id **************
21:59:13.941 [main] INFO  factory.BaseClass - Taking screenshot
21:59:13.942 [main] INFO  factory.BaseClass - **************Login button should be Disabeld**************
21:59:14.151 [main] INFO  factory.BaseClass - Taking screenshot
21:59:45.689 [main] INFO  factory.BaseClass - Website is opened
21:59:45.690 [main] INFO  factory.BaseClass - **************Click on Corporate Wellness Form**************
22:00:11.018 [main] INFO  factory.BaseClass - Taking screenshot
22:00:11.018 [main] INFO  factory.BaseClass - **************Enter the name**************
22:00:11.255 [main] INFO  factory.BaseClass - Taking screenshot
22:00:11.256 [main] INFO  factory.BaseClass - **************Enter the Organization name**************
22:00:11.493 [main] INFO  factory.BaseClass - Taking screenshot
22:00:11.493 [main] INFO  factory.BaseClass - **************selects the organization size**************
22:00:11.729 [main] INFO  factory.BaseClass - Taking screenshot
22:00:11.730 [main] INFO  factory.BaseClass - **************select the Interested in option**************
22:00:12.018 [main] INFO  factory.BaseClass - Taking screenshot
22:00:12.019 [main] INFO  factory.BaseClass - **************user enter the contact number**************
22:00:12.314 [main] INFO  factory.BaseClass - Taking screenshot
22:00:12.314 [main] INFO  factory.BaseClass - **************user enter the email id **************
22:00:12.642 [main] INFO  factory.BaseClass - Taking screenshot
22:00:12.642 [main] INFO  factory.BaseClass - **************Login button should be Disabeld**************
22:00:12.870 [main] INFO  factory.BaseClass - Taking screenshot
22:00:44.531 [main] INFO  factory.BaseClass - Website is opened
22:00:44.532 [main] INFO  factory.BaseClass - **************Click on Corporate Wellness Form**************
22:00:48.905 [main] INFO  factory.BaseClass - Taking screenshot
22:00:48.905 [main] INFO  factory.BaseClass - **************Enter the name**************
22:00:49.139 [main] INFO  factory.BaseClass - Taking screenshot
22:00:49.139 [main] INFO  factory.BaseClass - **************Enter the Organization name**************
22:00:49.363 [main] INFO  factory.BaseClass - Taking screenshot
22:00:49.363 [main] INFO  factory.BaseClass - **************selects the organization size**************
22:00:49.613 [main] INFO  factory.BaseClass - Taking screenshot
22:00:49.614 [main] INFO  factory.BaseClass - **************select the Interested in option**************
22:00:49.883 [main] INFO  factory.BaseClass - Taking screenshot
22:00:49.883 [main] INFO  factory.BaseClass - **************user enter the contact number**************
22:00:50.166 [main] INFO  factory.BaseClass - Taking screenshot
22:00:50.167 [main] INFO  factory.BaseClass - **************user enter the email id **************
22:00:50.427 [main] INFO  factory.BaseClass - Taking screenshot
22:00:50.428 [main] INFO  factory.BaseClass - **************Login button should be Disabeld**************
22:00:50.654 [main] INFO  factory.BaseClass - Taking screenshot
22:00:59.855 [main] INFO  factory.BaseClass - Website is opened
22:00:59.856 [main] INFO  factory.BaseClass - **************Click on Corporate Wellness Form**************
22:01:54.348 [main] INFO  factory.BaseClass - Taking screenshot
22:01:54.349 [main] INFO  factory.BaseClass - **************Enter the name**************
22:01:54.614 [main] INFO  factory.BaseClass - Taking screenshot
22:01:54.614 [main] INFO  factory.BaseClass - **************Enter the Organization name**************
22:01:54.852 [main] INFO  factory.BaseClass - Taking screenshot
22:01:54.852 [main] INFO  factory.BaseClass - **************selects the organization size**************
22:01:55.109 [main] INFO  factory.BaseClass - Taking screenshot
22:01:55.110 [main] INFO  factory.BaseClass - **************select the Interested in option**************
22:01:55.394 [main] INFO  factory.BaseClass - Taking screenshot
22:01:55.394 [main] INFO  factory.BaseClass - **************user enter the contact number**************
22:01:55.688 [main] INFO  factory.BaseClass - Taking screenshot
22:01:55.688 [main] INFO  factory.BaseClass - **************user enter the email id **************
22:01:55.972 [main] INFO  factory.BaseClass - Taking screenshot
22:01:55.972 [main] INFO  factory.BaseClass - **************Login button should be enabeld**************
22:04:06.907 [main] INFO  factory.BaseClass - Website is opened
22:04:06.954 [main] INFO  factory.BaseClass - **************Click on Corporate Wellness Form**************
22:04:10.911 [main] INFO  factory.BaseClass - Taking screenshot
22:04:10.913 [main] INFO  factory.BaseClass - **************Enter the name**************
22:04:11.586 [main] INFO  factory.BaseClass - Taking screenshot
22:04:11.587 [main] INFO  factory.BaseClass - **************Enter the Organization name**************
22:04:11.845 [main] INFO  factory.BaseClass - Taking screenshot
22:04:11.848 [main] INFO  factory.BaseClass - **************selects the organization size**************
22:04:12.131 [main] INFO  factory.BaseClass - Taking screenshot
22:04:12.132 [main] INFO  factory.BaseClass - **************select the Interested in option**************
22:04:12.452 [main] INFO  factory.BaseClass - Taking screenshot
22:04:12.453 [main] INFO  factory.BaseClass - **************user enter the contact number**************
22:04:12.728 [main] INFO  factory.BaseClass - Taking screenshot
22:04:12.728 [main] INFO  factory.BaseClass - **************user enter the email id **************
22:04:12.996 [main] INFO  factory.BaseClass - Taking screenshot
22:04:12.997 [main] INFO  factory.BaseClass - **************Login button should be Disabeld**************
22:04:13.229 [main] INFO  factory.BaseClass - Taking screenshot
22:04:22.186 [main] INFO  factory.BaseClass - Website is opened
22:04:22.188 [main] INFO  factory.BaseClass - **************Click on Corporate Wellness Form**************
22:04:26.055 [main] INFO  factory.BaseClass - Taking screenshot
22:04:26.056 [main] INFO  factory.BaseClass - **************Enter the name**************
22:04:26.402 [main] INFO  factory.BaseClass - Taking screenshot
22:04:26.403 [main] INFO  factory.BaseClass - **************Enter the Organization name**************
22:04:26.676 [main] INFO  factory.BaseClass - Taking screenshot
22:04:26.676 [main] INFO  factory.BaseClass - **************selects the organization size**************
22:04:27.034 [main] INFO  factory.BaseClass - Taking screenshot
22:04:27.034 [main] INFO  factory.BaseClass - **************select the Interested in option**************
22:04:27.374 [main] INFO  factory.BaseClass - Taking screenshot
22:04:27.374 [main] INFO  factory.BaseClass - **************user enter the contact number**************
22:04:27.706 [main] INFO  factory.BaseClass - Taking screenshot
22:04:27.706 [main] INFO  factory.BaseClass - **************user enter the email id **************
22:04:28.070 [main] INFO  factory.BaseClass - Taking screenshot
22:04:28.070 [main] INFO  factory.BaseClass - **************Login button should be Disabeld**************
22:04:28.367 [main] INFO  factory.BaseClass - Taking screenshot
22:05:00.009 [main] INFO  factory.BaseClass - Website is opened
22:05:00.011 [main] INFO  factory.BaseClass - **************Click on Corporate Wellness Form**************
22:05:03.535 [main] INFO  factory.BaseClass - Taking screenshot
22:05:03.536 [main] INFO  factory.BaseClass - **************Enter the name**************
22:05:03.813 [main] INFO  factory.BaseClass - Taking screenshot
22:05:03.814 [main] INFO  factory.BaseClass - **************Enter the Organization name**************
22:05:04.061 [main] INFO  factory.BaseClass - Taking screenshot
22:05:04.061 [main] INFO  factory.BaseClass - **************selects the organization size**************
22:05:04.371 [main] INFO  factory.BaseClass - Taking screenshot
22:05:04.373 [main] INFO  factory.BaseClass - **************select the Interested in option**************
22:05:04.786 [main] INFO  factory.BaseClass - Taking screenshot
22:05:04.786 [main] INFO  factory.BaseClass - **************user enter the contact number**************
22:05:05.074 [main] INFO  factory.BaseClass - Taking screenshot
22:05:05.074 [main] INFO  factory.BaseClass - **************user enter the email id **************
22:05:05.366 [main] INFO  factory.BaseClass - Taking screenshot
22:05:05.367 [main] INFO  factory.BaseClass - **************Login button should be Disabeld**************
22:05:05.614 [main] INFO  factory.BaseClass - Taking screenshot
22:05:13.758 [main] INFO  factory.BaseClass - Website is opened
22:05:13.759 [main] INFO  factory.BaseClass - **************Click on Corporate Wellness Form**************
22:05:17.251 [main] INFO  factory.BaseClass - Taking screenshot
22:05:17.251 [main] INFO  factory.BaseClass - **************Enter the name**************
22:05:17.556 [main] INFO  factory.BaseClass - Taking screenshot
22:05:17.556 [main] INFO  factory.BaseClass - **************Enter the Organization name**************
22:05:17.823 [main] INFO  factory.BaseClass - Taking screenshot
22:05:17.823 [main] INFO  factory.BaseClass - **************selects the organization size**************
22:05:18.114 [main] INFO  factory.BaseClass - Taking screenshot
22:05:18.114 [main] INFO  factory.BaseClass - **************select the Interested in option**************
22:05:18.440 [main] INFO  factory.BaseClass - Taking screenshot
22:05:18.441 [main] INFO  factory.BaseClass - **************user enter the contact number**************
22:05:18.767 [main] INFO  factory.BaseClass - Taking screenshot
22:05:18.768 [main] INFO  factory.BaseClass - **************user enter the email id **************
22:05:19.144 [main] INFO  factory.BaseClass - Taking screenshot
22:05:19.145 [main] INFO  factory.BaseClass - **************Login button should be enabeld**************
22:05:55.094 [main] INFO  factory.BaseClass - Taking screenshot
22:07:55.632 [main] INFO  factory.BaseClass - Website is opened
22:07:55.685 [main] INFO  factory.BaseClass - **************Click on Corporate Wellness Form**************
22:08:09.257 [main] INFO  factory.BaseClass - Taking screenshot
22:08:09.260 [main] INFO  factory.BaseClass - **************Enter the name**************
22:08:09.981 [main] INFO  factory.BaseClass - Taking screenshot
22:08:09.981 [main] INFO  factory.BaseClass - **************Enter the Organization name**************
22:08:10.230 [main] INFO  factory.BaseClass - Taking screenshot
22:08:10.231 [main] INFO  factory.BaseClass - **************selects the organization size**************
22:08:10.528 [main] INFO  factory.BaseClass - Taking screenshot
22:08:10.529 [main] INFO  factory.BaseClass - **************select the Interested in option**************
22:08:10.803 [main] INFO  factory.BaseClass - Taking screenshot
22:08:10.805 [main] INFO  factory.BaseClass - **************user enter the contact number**************
22:08:11.092 [main] INFO  factory.BaseClass - Taking screenshot
22:08:11.092 [main] INFO  factory.BaseClass - **************user enter the email id **************
22:08:11.406 [main] INFO  factory.BaseClass - Taking screenshot
22:08:11.407 [main] INFO  factory.BaseClass - **************Login button should be enabeld**************
22:08:36.717 [main] INFO  factory.BaseClass - Taking screenshot
09:25:00.849 [main] INFO  factory.BaseClass - Website is opened
09:25:00.878 [main] INFO  factory.BaseClass - **************Click on Corporate Wellness Form**************
09:26:00.417 [main] INFO  factory.BaseClass - Taking screenshot
09:26:00.417 [main] INFO  factory.BaseClass - **************Enter the name**************
09:26:01.525 [main] INFO  factory.BaseClass - Taking screenshot
09:26:01.526 [main] INFO  factory.BaseClass - **************Enter the Organization name**************
09:26:01.875 [main] INFO  factory.BaseClass - Taking screenshot
09:26:01.877 [main] INFO  factory.BaseClass - **************selects the organization size**************
09:26:02.261 [main] INFO  factory.BaseClass - Taking screenshot
09:26:02.262 [main] INFO  factory.BaseClass - **************select the Interested in option**************
09:26:02.718 [main] INFO  factory.BaseClass - Taking screenshot
09:26:02.721 [main] INFO  factory.BaseClass - **************user enter the contact number**************
09:26:03.112 [main] INFO  factory.BaseClass - Taking screenshot
09:26:03.113 [main] INFO  factory.BaseClass - **************user enter the email id **************
09:26:03.519 [main] INFO  factory.BaseClass - Taking screenshot
09:26:03.521 [main] INFO  factory.BaseClass - **************Login button should be Disabeld**************
09:26:03.848 [main] INFO  factory.BaseClass - Taking screenshot
09:26:42.778 [main] INFO  factory.BaseClass - Website is opened
09:26:42.780 [main] INFO  factory.BaseClass - **************Click on Corporate Wellness Form**************
09:27:14.627 [main] INFO  factory.BaseClass - Taking screenshot
09:27:14.627 [main] INFO  factory.BaseClass - **************Enter the name**************
09:27:15.030 [main] INFO  factory.BaseClass - Taking screenshot
09:27:15.031 [main] INFO  factory.BaseClass - **************Enter the Organization name**************
09:27:15.394 [main] INFO  factory.BaseClass - Taking screenshot
09:27:15.394 [main] INFO  factory.BaseClass - **************selects the organization size**************
09:27:15.827 [main] INFO  factory.BaseClass - Taking screenshot
09:27:15.828 [main] INFO  factory.BaseClass - **************select the Interested in option**************
09:27:16.203 [main] INFO  factory.BaseClass - Taking screenshot
09:27:16.204 [main] INFO  factory.BaseClass - **************user enter the contact number**************
09:27:16.581 [main] INFO  factory.BaseClass - Taking screenshot
09:27:16.581 [main] INFO  factory.BaseClass - **************user enter the email id **************
09:27:16.988 [main] INFO  factory.BaseClass - Taking screenshot
09:27:16.990 [main] INFO  factory.BaseClass - **************Login button should be Disabeld**************
09:27:17.260 [main] INFO  factory.BaseClass - Taking screenshot
09:27:54.508 [main] INFO  factory.BaseClass - Website is opened
09:27:54.509 [main] INFO  factory.BaseClass - **************Click on Corporate Wellness Form**************
09:28:26.471 [main] INFO  factory.BaseClass - Taking screenshot
09:28:26.472 [main] INFO  factory.BaseClass - **************Enter the name**************
09:28:26.865 [main] INFO  factory.BaseClass - Taking screenshot
09:28:26.865 [main] INFO  factory.BaseClass - **************Enter the Organization name**************
09:28:27.238 [main] INFO  factory.BaseClass - Taking screenshot
09:28:27.239 [main] INFO  factory.BaseClass - **************selects the organization size**************
09:28:27.638 [main] INFO  factory.BaseClass - Taking screenshot
09:28:27.639 [main] INFO  factory.BaseClass - **************select the Interested in option**************
09:28:28.019 [main] INFO  factory.BaseClass - Taking screenshot
09:28:28.019 [main] INFO  factory.BaseClass - **************user enter the contact number**************
09:28:28.387 [main] INFO  factory.BaseClass - Taking screenshot
09:28:28.388 [main] INFO  factory.BaseClass - **************user enter the email id **************
09:28:28.733 [main] INFO  factory.BaseClass - Taking screenshot
09:28:28.733 [main] INFO  factory.BaseClass - **************Login button should be Disabeld**************
09:28:29.006 [main] INFO  factory.BaseClass - Taking screenshot
09:28:36.183 [main] INFO  factory.BaseClass - Website is opened
09:28:36.185 [main] INFO  factory.BaseClass - **************Click on Corporate Wellness Form**************
09:29:08.236 [main] INFO  factory.BaseClass - Taking screenshot
09:29:08.237 [main] INFO  factory.BaseClass - **************Enter the name**************
09:29:08.636 [main] INFO  factory.BaseClass - Taking screenshot
09:29:08.636 [main] INFO  factory.BaseClass - **************Enter the Organization name**************
09:29:08.960 [main] INFO  factory.BaseClass - Taking screenshot
09:29:08.960 [main] INFO  factory.BaseClass - **************selects the organization size**************
09:29:09.298 [main] INFO  factory.BaseClass - Taking screenshot
09:29:09.299 [main] INFO  factory.BaseClass - **************select the Interested in option**************
09:29:09.686 [main] INFO  factory.BaseClass - Taking screenshot
09:29:09.687 [main] INFO  factory.BaseClass - **************user enter the contact number**************
09:29:10.036 [main] INFO  factory.BaseClass - Taking screenshot
09:29:10.037 [main] INFO  factory.BaseClass - **************user enter the email id **************
09:29:10.462 [main] INFO  factory.BaseClass - Taking screenshot
09:29:10.464 [main] INFO  factory.BaseClass - **************Login button should be enabeld**************
09:29:16.123 [main] INFO  factory.BaseClass - Taking screenshot
09:30:22.946 [main] INFO  factory.BaseClass - Website is opened
09:30:23.034 [main] INFO  factory.BaseClass - **************Click on Corporate Wellness Form**************
09:30:55.152 [main] INFO  factory.BaseClass - Taking screenshot
09:30:55.155 [main] INFO  factory.BaseClass - **************Enter the name**************
09:30:56.062 [main] INFO  factory.BaseClass - Taking screenshot
09:30:56.063 [main] INFO  factory.BaseClass - **************Enter the Organization name**************
09:30:56.387 [main] INFO  factory.BaseClass - Taking screenshot
09:30:56.389 [main] INFO  factory.BaseClass - **************selects the organization size**************
09:30:56.775 [main] INFO  factory.BaseClass - Taking screenshot
09:30:56.775 [main] INFO  factory.BaseClass - **************select the Interested in option**************
09:30:57.190 [main] INFO  factory.BaseClass - Taking screenshot
09:30:57.192 [main] INFO  factory.BaseClass - **************user enter the contact number**************
09:30:57.575 [main] INFO  factory.BaseClass - Taking screenshot
09:30:57.576 [main] INFO  factory.BaseClass - **************user enter the email id **************
09:30:57.967 [main] INFO  factory.BaseClass - Taking screenshot
09:30:57.969 [main] INFO  factory.BaseClass - **************Login button should be Disabeld**************
09:30:58.304 [main] INFO  factory.BaseClass - Taking screenshot
09:31:35.672 [main] INFO  factory.BaseClass - Website is opened
09:31:35.675 [main] INFO  factory.BaseClass - **************Click on Corporate Wellness Form**************
09:32:07.568 [main] INFO  factory.BaseClass - Taking screenshot
09:32:07.569 [main] INFO  factory.BaseClass - **************Enter the name**************
09:32:07.956 [main] INFO  factory.BaseClass - Taking screenshot
09:32:07.957 [main] INFO  factory.BaseClass - **************Enter the Organization name**************
09:32:08.286 [main] INFO  factory.BaseClass - Taking screenshot
09:32:08.287 [main] INFO  factory.BaseClass - **************selects the organization size**************
09:32:08.674 [main] INFO  factory.BaseClass - Taking screenshot
09:32:08.675 [main] INFO  factory.BaseClass - **************select the Interested in option**************
09:32:09.060 [main] INFO  factory.BaseClass - Taking screenshot
09:32:09.060 [main] INFO  factory.BaseClass - **************user enter the contact number**************
09:32:09.424 [main] INFO  factory.BaseClass - Taking screenshot
09:32:09.424 [main] INFO  factory.BaseClass - **************user enter the email id **************
09:32:09.826 [main] INFO  factory.BaseClass - Taking screenshot
09:32:09.827 [main] INFO  factory.BaseClass - **************Login button should be Disabeld**************
09:32:10.090 [main] INFO  factory.BaseClass - Taking screenshot
09:32:47.105 [main] INFO  factory.BaseClass - Website is opened
09:32:47.107 [main] INFO  factory.BaseClass - **************Click on Corporate Wellness Form**************
09:33:19.122 [main] INFO  factory.BaseClass - Taking screenshot
09:33:19.123 [main] INFO  factory.BaseClass - **************Enter the name**************
09:33:19.566 [main] INFO  factory.BaseClass - Taking screenshot
09:33:19.566 [main] INFO  factory.BaseClass - **************Enter the Organization name**************
09:33:19.968 [main] INFO  factory.BaseClass - Taking screenshot
09:33:19.969 [main] INFO  factory.BaseClass - **************selects the organization size**************
09:33:20.366 [main] INFO  factory.BaseClass - Taking screenshot
09:33:20.367 [main] INFO  factory.BaseClass - **************select the Interested in option**************
09:33:20.770 [main] INFO  factory.BaseClass - Taking screenshot
09:33:20.771 [main] INFO  factory.BaseClass - **************user enter the contact number**************
09:33:21.131 [main] INFO  factory.BaseClass - Taking screenshot
09:33:21.131 [main] INFO  factory.BaseClass - **************user enter the email id **************
09:33:21.507 [main] INFO  factory.BaseClass - Taking screenshot
09:33:21.507 [main] INFO  factory.BaseClass - **************Login button should be Disabeld**************
09:33:21.781 [main] INFO  factory.BaseClass - Taking screenshot
09:33:59.282 [main] INFO  factory.BaseClass - Website is opened
09:33:59.283 [main] INFO  factory.BaseClass - **************Click on Corporate Wellness Form**************
09:34:31.208 [main] INFO  factory.BaseClass - Taking screenshot
09:34:31.210 [main] INFO  factory.BaseClass - **************Enter the name**************
09:34:31.584 [main] INFO  factory.BaseClass - Taking screenshot
09:34:31.585 [main] INFO  factory.BaseClass - **************Enter the Organization name**************
09:34:31.922 [main] INFO  factory.BaseClass - Taking screenshot
09:34:31.922 [main] INFO  factory.BaseClass - **************selects the organization size**************
09:34:32.314 [main] INFO  factory.BaseClass - Taking screenshot
09:34:32.314 [main] INFO  factory.BaseClass - **************select the Interested in option**************
09:34:32.712 [main] INFO  factory.BaseClass - Taking screenshot
09:34:32.713 [main] INFO  factory.BaseClass - **************user enter the contact number**************
09:34:33.051 [main] INFO  factory.BaseClass - Taking screenshot
09:34:33.051 [main] INFO  factory.BaseClass - **************user enter the email id **************
09:34:33.472 [main] INFO  factory.BaseClass - Taking screenshot
09:34:33.474 [main] INFO  factory.BaseClass - **************Login button should be enabeld**************
09:35:09.490 [main] INFO  factory.BaseClass - Taking screenshot
09:38:56.277 [main] INFO  factory.BaseClass - Website is opened
09:38:56.365 [main] INFO  factory.BaseClass - **************Click on Corporate Wellness Form**************
09:39:28.406 [main] INFO  factory.BaseClass - Taking screenshot
09:39:28.409 [main] INFO  factory.BaseClass - **************Enter the name**************
09:39:29.374 [main] INFO  factory.BaseClass - Taking screenshot
09:39:29.375 [main] INFO  factory.BaseClass - **************Enter the Organization name**************
09:39:29.709 [main] INFO  factory.BaseClass - Taking screenshot
09:39:29.711 [main] INFO  factory.BaseClass - **************selects the organization size**************
09:39:30.092 [main] INFO  factory.BaseClass - Taking screenshot
09:39:30.093 [main] INFO  factory.BaseClass - **************select the Interested in option**************
09:39:30.495 [main] INFO  factory.BaseClass - Taking screenshot
09:39:30.496 [main] INFO  factory.BaseClass - **************user enter the contact number**************
09:39:30.895 [main] INFO  factory.BaseClass - Taking screenshot
09:39:30.895 [main] INFO  factory.BaseClass - **************user enter the email id **************
09:39:31.312 [main] INFO  factory.BaseClass - Taking screenshot
09:39:31.313 [main] INFO  factory.BaseClass - **************Login button should be enabeld**************
09:40:03.796 [main] INFO  factory.BaseClass - Taking screenshot
09:41:32.536 [main] INFO  factory.BaseClass - Website is opened
09:41:32.577 [main] INFO  factory.BaseClass - **************Click on Corporate Wellness Form**************
09:42:04.717 [main] INFO  factory.BaseClass - Taking screenshot
09:42:04.720 [main] INFO  factory.BaseClass - **************Enter the name**************
09:42:05.597 [main] INFO  factory.BaseClass - Taking screenshot
09:42:05.598 [main] INFO  factory.BaseClass - **************Enter the Organization name**************
09:42:05.933 [main] INFO  factory.BaseClass - Taking screenshot
09:42:05.935 [main] INFO  factory.BaseClass - **************selects the organization size**************
09:42:06.279 [main] INFO  factory.BaseClass - Taking screenshot
09:42:06.280 [main] INFO  factory.BaseClass - **************select the Interested in option**************
09:42:06.680 [main] INFO  factory.BaseClass - Taking screenshot
09:42:06.682 [main] INFO  factory.BaseClass - **************user enter the contact number**************
09:42:07.086 [main] INFO  factory.BaseClass - Taking screenshot
09:42:07.087 [main] INFO  factory.BaseClass - **************user enter the email id **************
09:42:07.545 [main] INFO  factory.BaseClass - Taking screenshot
09:42:07.546 [main] INFO  factory.BaseClass - **************Login button should be enabeld**************
09:42:43.528 [main] INFO  factory.BaseClass - Taking screenshot
09:43:44.816 [main] INFO  factory.BaseClass - Website is opened
09:43:44.844 [main] INFO  factory.BaseClass - **************Click on Corporate Wellness Form**************
09:44:16.945 [main] INFO  factory.BaseClass - Taking screenshot
09:44:16.947 [main] INFO  factory.BaseClass - **************Enter the name**************
09:44:17.844 [main] INFO  factory.BaseClass - Taking screenshot
09:44:17.845 [main] INFO  factory.BaseClass - **************Enter the Organization name**************
09:44:18.172 [main] INFO  factory.BaseClass - Taking screenshot
09:44:18.174 [main] INFO  factory.BaseClass - **************selects the organization size**************
09:44:18.541 [main] INFO  factory.BaseClass - Taking screenshot
09:44:18.542 [main] INFO  factory.BaseClass - **************select the Interested in option**************
09:44:18.933 [main] INFO  factory.BaseClass - Taking screenshot
09:44:18.935 [main] INFO  factory.BaseClass - **************user enter the contact number**************
09:44:19.302 [main] INFO  factory.BaseClass - Taking screenshot
09:44:19.303 [main] INFO  factory.BaseClass - **************user enter the email id **************
09:44:19.686 [main] INFO  factory.BaseClass - Taking screenshot
09:44:19.689 [main] INFO  factory.BaseClass - **************Login button should be enabeld**************
09:44:39.741 [main] INFO  factory.BaseClass - Taking screenshot
16:45:37.362 [main] INFO  factory.BaseClass - Website is opened
16:45:37.463 [main] INFO  factory.BaseClass - ***************Locate the Practo Logo Element*************
16:45:37.767 [main] INFO  factory.BaseClass - Taking screenshot
16:45:37.769 [main] INFO  factory.BaseClass - ***************Validate the Practo Logo is present*************
16:45:37.770 [main] INFO  factory.BaseClass - ***************Locate the Practo Logo Element*************
16:45:39.455 [main] INFO  factory.BaseClass - Taking screenshot
16:45:39.456 [main] INFO  factory.BaseClass - ***************Locate the Login button Element*************
16:45:39.693 [main] INFO  factory.BaseClass - Taking screenshot
16:45:39.695 [main] INFO  factory.BaseClass - ***************Validate the Login button is present*************
16:45:39.695 [main] INFO  factory.BaseClass - ***************Locate the Login button Element*************
16:45:40.059 [main] INFO  factory.BaseClass - Taking screenshot
16:45:40.059 [main] INFO  factory.BaseClass - ***************Locate the Download Element*************
16:45:40.286 [main] INFO  factory.BaseClass - Taking screenshot
16:45:40.286 [main] INFO  factory.BaseClass - **************Validate the download is present**************
16:45:40.286 [main] INFO  factory.BaseClass - ***************Locate the Download Element*************
16:45:40.639 [main] INFO  factory.BaseClass - Taking screenshot
16:45:47.897 [main] INFO  factory.BaseClass - Website is opened
16:45:47.995 [main] INFO  factory.BaseClass - ***************Navigate to Find Doctors page*************
16:46:19.677 [main] INFO  factory.BaseClass - Taking screenshot
16:46:19.678 [main] INFO  factory.BaseClass - ***************Send the value to searchbox*************
16:46:25.943 [main] INFO  factory.BaseClass - Taking screenshot
16:46:25.945 [main] INFO  factory.BaseClass - ***************Validate the Doctors Name*************
16:46:32.152 [main] INFO  factory.BaseClass - Taking screenshot
16:46:32.153 [main] INFO  factory.BaseClass - ***************Valiadate the Book Free option*************
16:46:32.777 [main] INFO  factory.BaseClass - Taking screenshot
16:47:10.180 [main] INFO  factory.BaseClass - Website is opened
16:47:10.201 [main] INFO  factory.BaseClass - ***************Navigate to video Consult page*************
16:47:11.558 [main] INFO  factory.BaseClass - Taking screenshot
16:47:11.559 [main] INFO  factory.BaseClass - ***************Locate the video consult element*************
16:47:11.815 [main] INFO  factory.BaseClass - Taking screenshot
16:47:11.816 [main] INFO  factory.BaseClass - ***************Validate Consult Now button is present*************
16:47:11.816 [main] INFO  factory.BaseClass - ***************Locate the video consult element*************
16:47:12.131 [main] INFO  factory.BaseClass - Taking screenshot
16:47:12.132 [main] INFO  factory.BaseClass - ***************Get all specialities datas*************
16:47:13.110 [main] INFO  factory.BaseClass - Taking screenshot
16:47:13.110 [main] INFO  factory.BaseClass - ***************Validate specialities availability*************
16:47:13.394 [main] INFO  factory.BaseClass - Taking screenshot
16:47:13.394 [main] INFO  factory.BaseClass - ***************Get all Common Health Concern datas and price*************
16:47:13.776 [main] INFO  factory.BaseClass - Taking screenshot
16:47:13.777 [main] INFO  factory.BaseClass - ***************Validate CommonHealthConcern availability*************
16:47:14.061 [main] INFO  factory.BaseClass - Taking screenshot
16:47:14.062 [main] INFO  factory.BaseClass - ***************Get all Offer details*************
16:47:14.336 [main] INFO  factory.BaseClass - Taking screenshot
16:47:14.337 [main] INFO  factory.BaseClass - ***************Validate Consult Offers availability*************
16:47:14.622 [main] INFO  factory.BaseClass - Taking screenshot
16:47:52.164 [main] INFO  factory.BaseClass - Website is opened
16:47:52.197 [main] INFO  factory.BaseClass - ***************Navigate to Surgeries Page*************
16:47:54.059 [main] INFO  factory.BaseClass - Taking screenshot
16:47:54.061 [main] INFO  factory.BaseClass - ***************Get PractoCare Phone number*************
16:47:54.554 [main] INFO  factory.BaseClass - Taking screenshot
16:47:54.555 [main] INFO  factory.BaseClass - ***************Validate the Phone number*************
16:47:54.555 [main] INFO  factory.BaseClass - ***************Get PractoCare Phone number*************
16:47:55.073 [main] INFO  factory.BaseClass - Taking screenshot
16:47:55.074 [main] INFO  factory.BaseClass - ***************Get Popular Surgeries data*************
16:47:57.571 [main] INFO  factory.BaseClass - Taking screenshot
16:47:57.572 [main] INFO  factory.BaseClass - **************Validate the Popular Surgeries**************
16:47:57.904 [main] INFO  factory.BaseClass - Taking screenshot
16:47:57.904 [main] INFO  factory.BaseClass - **************Get Our Departments data**************
16:47:58.254 [main] INFO  factory.BaseClass - Taking screenshot
16:47:58.254 [main] INFO  factory.BaseClass - **************Valiadate the Our Departments**************
16:47:58.556 [main] INFO  factory.BaseClass - Taking screenshot
16:47:58.556 [main] INFO  factory.BaseClass - **************Get the PractoCare Benifits Data**************
16:47:58.848 [main] INFO  factory.BaseClass - Taking screenshot
16:47:58.849 [main] INFO  factory.BaseClass - **************Validate PractoCare Data availability**************
16:47:59.114 [main] INFO  factory.BaseClass - Taking screenshot
16:48:06.416 [main] INFO  factory.BaseClass - Website is opened
16:48:06.447 [main] INFO  factory.BaseClass - **************Select Bangalore city and Search Hospitals**************
16:48:19.302 [main] INFO  factory.BaseClass - Taking screenshot
16:48:26.767 [main] INFO  factory.BaseClass - Website is opened
16:48:26.768 [main] INFO  factory.BaseClass - **************Click on Corporate Wellness Form**************
16:48:58.954 [main] INFO  factory.BaseClass - Taking screenshot
16:48:58.955 [main] INFO  factory.BaseClass - **************Enter the name**************
16:48:59.278 [main] INFO  factory.BaseClass - Taking screenshot
16:48:59.279 [main] INFO  factory.BaseClass - **************Enter the Organization name**************
16:48:59.565 [main] INFO  factory.BaseClass - Taking screenshot
16:48:59.565 [main] INFO  factory.BaseClass - **************selects the organization size**************
16:48:59.889 [main] INFO  factory.BaseClass - Taking screenshot
16:48:59.889 [main] INFO  factory.BaseClass - **************select the Interested in option**************
16:49:00.342 [main] INFO  factory.BaseClass - Taking screenshot
16:49:00.343 [main] INFO  factory.BaseClass - **************user enter the contact number**************
16:49:00.819 [main] INFO  factory.BaseClass - Taking screenshot
16:49:00.820 [main] INFO  factory.BaseClass - **************user enter the email id **************
16:49:01.281 [main] INFO  factory.BaseClass - Taking screenshot
16:49:01.282 [main] INFO  factory.BaseClass - **************Login button should be Disabeld**************
16:49:01.587 [main] INFO  factory.BaseClass - Taking screenshot
16:49:40.276 [main] INFO  factory.BaseClass - Website is opened
16:49:40.276 [main] INFO  factory.BaseClass - **************Click on Corporate Wellness Form**************
16:49:43.875 [main] INFO  factory.BaseClass - Taking screenshot
16:49:43.875 [main] INFO  factory.BaseClass - **************Enter the name**************
16:49:44.224 [main] INFO  factory.BaseClass - Taking screenshot
16:49:44.224 [main] INFO  factory.BaseClass - **************Enter the Organization name**************
16:49:44.497 [main] INFO  factory.BaseClass - Taking screenshot
16:49:44.498 [main] INFO  factory.BaseClass - **************selects the organization size**************
16:49:44.831 [main] INFO  factory.BaseClass - Taking screenshot
16:49:44.832 [main] INFO  factory.BaseClass - **************select the Interested in option**************
16:49:45.181 [main] INFO  factory.BaseClass - Taking screenshot
16:49:45.182 [main] INFO  factory.BaseClass - **************user enter the contact number**************
16:49:45.622 [main] INFO  factory.BaseClass - Taking screenshot
16:49:45.623 [main] INFO  factory.BaseClass - **************user enter the email id **************
16:49:46.002 [main] INFO  factory.BaseClass - Taking screenshot
16:49:46.003 [main] INFO  factory.BaseClass - **************Login button should be Disabeld**************
16:49:46.255 [main] INFO  factory.BaseClass - Taking screenshot
16:49:54.639 [main] INFO  factory.BaseClass - Website is opened
16:49:54.640 [main] INFO  factory.BaseClass - **************Click on Corporate Wellness Form**************
16:50:27.292 [main] INFO  factory.BaseClass - Taking screenshot
16:50:27.292 [main] INFO  factory.BaseClass - **************Enter the name**************
16:50:27.631 [main] INFO  factory.BaseClass - Taking screenshot
16:50:27.631 [main] INFO  factory.BaseClass - **************Enter the Organization name**************
16:50:27.928 [main] INFO  factory.BaseClass - Taking screenshot
16:50:27.928 [main] INFO  factory.BaseClass - **************selects the organization size**************
16:50:28.276 [main] INFO  factory.BaseClass - Taking screenshot
16:50:28.277 [main] INFO  factory.BaseClass - **************select the Interested in option**************
16:50:28.825 [main] INFO  factory.BaseClass - Taking screenshot
16:50:28.826 [main] INFO  factory.BaseClass - **************user enter the contact number**************
16:50:29.212 [main] INFO  factory.BaseClass - Taking screenshot
16:50:29.213 [main] INFO  factory.BaseClass - **************user enter the email id **************
16:50:29.571 [main] INFO  factory.BaseClass - Taking screenshot
16:50:29.571 [main] INFO  factory.BaseClass - **************Login button should be Disabeld**************
16:50:29.822 [main] INFO  factory.BaseClass - Taking screenshot
16:51:06.945 [main] INFO  factory.BaseClass - Website is opened
16:51:06.946 [main] INFO  factory.BaseClass - **************Click on Corporate Wellness Form**************
16:51:39.343 [main] INFO  factory.BaseClass - Taking screenshot
16:51:39.344 [main] INFO  factory.BaseClass - **************Enter the name**************
16:51:39.646 [main] INFO  factory.BaseClass - Taking screenshot
16:51:39.646 [main] INFO  factory.BaseClass - **************Enter the Organization name**************
16:51:39.920 [main] INFO  factory.BaseClass - Taking screenshot
16:51:39.920 [main] INFO  factory.BaseClass - **************selects the organization size**************
16:51:40.230 [main] INFO  factory.BaseClass - Taking screenshot
16:51:40.230 [main] INFO  factory.BaseClass - **************select the Interested in option**************
16:51:40.669 [main] INFO  factory.BaseClass - Taking screenshot
16:51:40.670 [main] INFO  factory.BaseClass - **************user enter the contact number**************
16:51:41.015 [main] INFO  factory.BaseClass - Taking screenshot
16:51:41.016 [main] INFO  factory.BaseClass - **************user enter the email id **************
16:51:41.458 [main] INFO  factory.BaseClass - Taking screenshot
16:51:41.458 [main] INFO  factory.BaseClass - **************Login button should be enabeld**************
16:52:31.832 [main] INFO  factory.BaseClass - Taking screenshot
17:08:14.300 [main] INFO  factory.BaseClass - Website is opened
17:08:14.362 [main] INFO  factory.BaseClass - ***************Locate the Practo Logo Element*************
17:08:14.611 [main] INFO  factory.BaseClass - Taking screenshot
17:08:14.612 [main] INFO  factory.BaseClass - ***************Validate the Practo Logo is present*************
17:08:14.613 [main] INFO  factory.BaseClass - ***************Locate the Practo Logo Element*************
17:08:15.671 [main] INFO  factory.BaseClass - Taking screenshot
17:08:15.671 [main] INFO  factory.BaseClass - ***************Locate the Login button Element*************
17:08:15.913 [main] INFO  factory.BaseClass - Taking screenshot
17:08:15.915 [main] INFO  factory.BaseClass - ***************Validate the Login button is present*************
17:08:15.915 [main] INFO  factory.BaseClass - ***************Locate the Login button Element*************
17:08:16.281 [main] INFO  factory.BaseClass - Taking screenshot
17:08:16.281 [main] INFO  factory.BaseClass - ***************Locate the Download Element*************
17:08:16.530 [main] INFO  factory.BaseClass - Taking screenshot
17:08:16.530 [main] INFO  factory.BaseClass - **************Validate the download is present**************
17:08:16.530 [main] INFO  factory.BaseClass - ***************Locate the Download Element*************
17:08:16.999 [main] INFO  factory.BaseClass - Taking screenshot
17:08:25.692 [main] INFO  factory.BaseClass - Website is opened
17:08:25.717 [main] INFO  factory.BaseClass - ***************Navigate to Find Doctors page*************
17:08:57.228 [main] INFO  factory.BaseClass - Taking screenshot
17:08:57.230 [main] INFO  factory.BaseClass - ***************Send the value to searchbox*************
17:09:02.692 [main] INFO  factory.BaseClass - Taking screenshot
17:09:02.694 [main] INFO  factory.BaseClass - ***************Validate the Doctors Name*************
17:09:07.059 [main] INFO  factory.BaseClass - Taking screenshot
17:09:07.060 [main] INFO  factory.BaseClass - ***************Valiadate the Book Free option*************
17:09:07.570 [main] INFO  factory.BaseClass - Taking screenshot
17:09:16.893 [main] INFO  factory.BaseClass - Website is opened
17:09:16.920 [main] INFO  factory.BaseClass - ***************Navigate to video Consult page*************
17:09:18.793 [main] INFO  factory.BaseClass - Taking screenshot
17:09:18.794 [main] INFO  factory.BaseClass - ***************Locate the video consult element*************
17:09:19.150 [main] INFO  factory.BaseClass - Taking screenshot
17:09:19.151 [main] INFO  factory.BaseClass - ***************Validate Consult Now button is present*************
17:09:19.151 [main] INFO  factory.BaseClass - ***************Locate the video consult element*************
17:09:19.578 [main] INFO  factory.BaseClass - Taking screenshot
17:09:19.579 [main] INFO  factory.BaseClass - ***************Get all specialities datas*************
17:09:20.760 [main] INFO  factory.BaseClass - Taking screenshot
17:09:20.762 [main] INFO  factory.BaseClass - ***************Validate specialities availability*************
17:09:21.100 [main] INFO  factory.BaseClass - Taking screenshot
17:09:21.101 [main] INFO  factory.BaseClass - ***************Get all Common Health Concern datas and price*************
17:09:21.646 [main] INFO  factory.BaseClass - Taking screenshot
17:09:21.647 [main] INFO  factory.BaseClass - ***************Validate CommonHealthConcern availability*************
17:09:21.951 [main] INFO  factory.BaseClass - Taking screenshot
17:09:21.951 [main] INFO  factory.BaseClass - ***************Get all Offer details*************
17:09:22.255 [main] INFO  factory.BaseClass - Taking screenshot
17:09:22.256 [main] INFO  factory.BaseClass - ***************Validate Consult Offers availability*************
17:09:22.540 [main] INFO  factory.BaseClass - Taking screenshot
17:09:30.660 [main] INFO  factory.BaseClass - Website is opened
17:09:30.680 [main] INFO  factory.BaseClass - ***************Navigate to Surgeries Page*************
17:09:32.628 [main] INFO  factory.BaseClass - Taking screenshot
17:09:32.629 [main] INFO  factory.BaseClass - ***************Get PractoCare Phone number*************
17:09:33.172 [main] INFO  factory.BaseClass - Taking screenshot
17:09:33.173 [main] INFO  factory.BaseClass - ***************Validate the Phone number*************
17:09:33.173 [main] INFO  factory.BaseClass - ***************Get PractoCare Phone number*************
17:09:33.663 [main] INFO  factory.BaseClass - Taking screenshot
17:09:33.664 [main] INFO  factory.BaseClass - ***************Get Popular Surgeries data*************
17:09:36.692 [main] INFO  factory.BaseClass - Taking screenshot
17:09:36.693 [main] INFO  factory.BaseClass - **************Validate the Popular Surgeries**************
17:09:37.033 [main] INFO  factory.BaseClass - Taking screenshot
17:09:37.034 [main] INFO  factory.BaseClass - **************Get Our Departments data**************
17:09:37.459 [main] INFO  factory.BaseClass - Taking screenshot
17:09:37.460 [main] INFO  factory.BaseClass - **************Valiadate the Our Departments**************
17:09:37.783 [main] INFO  factory.BaseClass - Taking screenshot
17:09:37.784 [main] INFO  factory.BaseClass - **************Get the PractoCare Benifits Data**************
17:09:38.116 [main] INFO  factory.BaseClass - Taking screenshot
17:09:38.117 [main] INFO  factory.BaseClass - **************Validate PractoCare Data availability**************
17:09:38.482 [main] INFO  factory.BaseClass - Taking screenshot
17:09:46.011 [main] INFO  factory.BaseClass - Website is opened
17:09:46.047 [main] INFO  factory.BaseClass - **************Select Bangalore city and Search Hospitals**************
17:10:27.044 [main] INFO  factory.BaseClass - Taking screenshot
17:10:27.045 [main] INFO  factory.BaseClass - **************Validate Bangalore city hospitals are displayed**************
17:10:27.300 [main] INFO  factory.BaseClass - Taking screenshot
17:10:27.301 [main] INFO  factory.BaseClass - **************Locate all day opened hospitals element**************
17:10:33.015 [main] INFO  factory.BaseClass - Taking screenshot
17:10:33.016 [main] INFO  factory.BaseClass - **************Validate all day hospitals opened**************
17:10:33.221 [main] INFO  factory.BaseClass - Taking screenshot
17:10:33.221 [main] INFO  factory.BaseClass - **************Get the rating of more than three hospitals**************
17:10:36.749 [main] INFO  factory.BaseClass - Taking screenshot
17:10:36.750 [main] INFO  factory.BaseClass - **************Validate the hospitals more then three of rating**************
17:10:36.946 [main] INFO  factory.BaseClass - Taking screenshot
17:10:36.946 [main] INFO  factory.BaseClass - **************Get the top city hospitals**************
17:10:37.245 [main] INFO  factory.BaseClass - Taking screenshot
17:10:37.246 [main] INFO  factory.BaseClass - **************Validate top city hospitals**************
17:10:37.466 [main] INFO  factory.BaseClass - Taking screenshot
17:11:15.556 [main] INFO  factory.BaseClass - Website is opened
17:11:15.557 [main] INFO  factory.BaseClass - **************Click on Corporate Wellness Form**************
17:11:49.773 [main] INFO  factory.BaseClass - Taking screenshot
17:11:49.774 [main] INFO  factory.BaseClass - **************Enter the name**************
17:11:50.185 [main] INFO  factory.BaseClass - Taking screenshot
17:11:50.185 [main] INFO  factory.BaseClass - **************Enter the Organization name**************
17:11:50.581 [main] INFO  factory.BaseClass - Taking screenshot
17:11:50.582 [main] INFO  factory.BaseClass - **************selects the organization size**************
17:11:51.032 [main] INFO  factory.BaseClass - Taking screenshot
17:11:51.033 [main] INFO  factory.BaseClass - **************select the Interested in option**************
17:11:51.478 [main] INFO  factory.BaseClass - Taking screenshot
17:11:51.480 [main] INFO  factory.BaseClass - **************user enter the contact number**************
17:11:51.870 [main] INFO  factory.BaseClass - Taking screenshot
17:11:51.871 [main] INFO  factory.BaseClass - **************user enter the email id **************
17:11:52.324 [main] INFO  factory.BaseClass - Taking screenshot
17:11:52.325 [main] INFO  factory.BaseClass - **************Login button should be Disabeld**************
17:11:52.602 [main] INFO  factory.BaseClass - Taking screenshot
17:12:30.526 [main] INFO  factory.BaseClass - Website is opened
17:12:30.527 [main] INFO  factory.BaseClass - **************Click on Corporate Wellness Form**************
17:13:03.581 [main] INFO  factory.BaseClass - Taking screenshot
17:13:03.582 [main] INFO  factory.BaseClass - **************Enter the name**************
17:13:04.285 [main] INFO  factory.BaseClass - Taking screenshot
